Using pre-set license
Built from '2020.3/staging' branch; Version is '2020.3.22f1 (e1a7f79fd887) revision 14788599'; Using compiler version '192528614'; Build Type 'Release'
OS: 'Windows 10 Pro; OS build 19044.2486; Version 2009; 64bit' Language: 'en' Physical Memory: 8071 MB
BatchMode: 1, IsHumanControllingUs: 0, StartBugReporterOnCrash: 0, Is64bit: 1, IsPro: 0

COMMAND LINE ARGUMENTS:
C:\Program Files\Unity\Hub\Editor\2020.3.22f1\Editor\Unity.exe
-adb2
-batchMode
-noUpm
-name
AssetImportWorker1
-projectPath
C:/Users/Zanis/Documents/Game/finalProject
-logFile
Logs/AssetImportWorker1.log
-srvPort
57178
Successfully changed project path to: C:/Users/Zanis/Documents/Game/finalProject
C:/Users/Zanis/Documents/Game/finalProject
Using Asset Import Pipeline V2.
Refreshing native plugins compatible for Editor in 77.55 ms, found 2 plugins.
Preloading 0 native plugins for Editor in 0.00 ms.
Initialize engine version: 2020.3.22f1 (e1a7f79fd887)
[Subsystems] Discovering subsystems at path C:/Program Files/Unity/Hub/Editor/2020.3.22f1/Editor/Data/Resources/UnitySubsystems
[Subsystems] Discovering subsystems at path C:/Users/Zanis/Documents/Game/finalProject/Assets
GfxDevice: creating device client; threaded=0
Direct3D:
    Version:  Direct3D 11.0 [level 11.0]
    Renderer: NVIDIA GeForce 610M (ID=0x1058)
    Vendor:   
    VRAM:     2000 MB
    Driver:   23.21.13.8857
Initialize mono
Mono path[0] = 'C:/Program Files/Unity/Hub/Editor/2020.3.22f1/Editor/Data/Managed'
Mono path[1] = 'C:/Program Files/Unity/Hub/Editor/2020.3.22f1/Editor/Data/MonoBleedingEdge/lib/mono/unityjit'
Mono config path = 'C:/Program Files/Unity/Hub/Editor/2020.3.22f1/Editor/Data/MonoBleedingEdge/etc'
Using monoOptions --debugger-agent=transport=dt_socket,embedding=1,server=y,suspend=n,address=127.0.0.1:56852
Begin MonoManager ReloadAssembly
Registering precompiled unity dll's ...
Register platform support module: C:/Program Files/Unity/Hub/Editor/2020.3.22f1/Editor/Data/PlaybackEngines/WindowsStandaloneSupport/UnityEditor.WindowsStandalone.Extensions.dll
Registered in 0.004410 seconds.
Native extension for WindowsStandalone target not found
Refreshing native plugins compatible for Editor in 60.03 ms, found 2 plugins.
Preloading 0 native plugins for Editor in 0.00 ms.
Mono: successfully reloaded assembly
- Completed reload, in  2.096 seconds
Domain Reload Profiling:
	ReloadAssembly (2096ms)
		BeginReloadAssembly (126ms)
			ExecutionOrderSort (0ms)
			DisableScriptedObjects (0ms)
			BackupInstance (0ms)
			ReleaseScriptingObjects (0ms)
			CreateAndSetChildDomain (2ms)
		EndReloadAssembly (897ms)
			LoadAssemblies (120ms)
			RebuildTransferFunctionScriptingTraits (0ms)
			SetupTypeCache (329ms)
			ReleaseScriptCaches (0ms)
			RebuildScriptCaches (66ms)
			SetupLoadedEditorAssemblies (312ms)
				LogAssemblyErrors (0ms)
				InitializePlatformSupportModulesInManaged (9ms)
				SetLoadedEditorAssemblies (1ms)
				RefreshPlugins (60ms)
				BeforeProcessingInitializeOnLoad (34ms)
				ProcessInitializeOnLoadAttributes (150ms)
				ProcessInitializeOnLoadMethodAttributes (58ms)
				AfterProcessingInitializeOnLoad (0ms)
				EditorAssembliesLoaded (0ms)
			ExecutionOrderSort2 (0ms)
			AwakeInstancesAfterBackupRestoration (0ms)
Platform modules already initialized, skipping
Registering precompiled user dll's ...
Registered in 0.012205 seconds.
Begin MonoManager ReloadAssembly
Native extension for WindowsStandalone target not found
Refreshing native plugins compatible for Editor in 0.47 ms, found 2 plugins.
Preloading 0 native plugins for Editor in 0.00 ms.
Mono: successfully reloaded assembly
- Completed reload, in  2.092 seconds
Domain Reload Profiling:
	ReloadAssembly (2094ms)
		BeginReloadAssembly (251ms)
			ExecutionOrderSort (0ms)
			DisableScriptedObjects (7ms)
			BackupInstance (0ms)
			ReleaseScriptingObjects (0ms)
			CreateAndSetChildDomain (31ms)
		EndReloadAssembly (1735ms)
			LoadAssemblies (175ms)
			RebuildTransferFunctionScriptingTraits (0ms)
			SetupTypeCache (660ms)
			ReleaseScriptCaches (1ms)
			RebuildScriptCaches (86ms)
			SetupLoadedEditorAssemblies (626ms)
				LogAssemblyErrors (0ms)
				InitializePlatformSupportModulesInManaged (8ms)
				SetLoadedEditorAssemblies (1ms)
				RefreshPlugins (1ms)
				BeforeProcessingInitializeOnLoad (159ms)
				ProcessInitializeOnLoadAttributes (425ms)
				ProcessInitializeOnLoadMethodAttributes (15ms)
				AfterProcessingInitializeOnLoad (17ms)
				EditorAssembliesLoaded (0ms)
			ExecutionOrderSort2 (0ms)
			AwakeInstancesAfterBackupRestoration (11ms)
Platform modules already initialized, skipping
========================================================================
Worker process is ready to serve import requests
Launched and connected shader compiler UnityShaderCompiler.exe after 0.08 seconds
Refreshing native plugins compatible for Editor in 0.72 ms, found 2 plugins.
Preloading 0 native plugins for Editor in 0.00 ms.
Unloading 1488 Unused Serialized files (Serialized files now loaded: 0)
System memory in use before: 67.2 MB.
System memory in use after: 67.3 MB.

Unloading 19 unused Assets to reduce memory usage. Loaded Objects now: 1920.
Total: 4.260000 ms (FindLiveObjects: 0.222200 ms CreateObjectMapping: 0.145800 ms MarkObjects: 3.796900 ms  DeleteObjects: 0.093500 ms)

AssetImportParameters requested are different than current active one (requested -> active):
  custom:framework-win-MediaFoundation: 216162199b28c13a410421893ffa2e32 -> 
  custom:video-decoder-ogg-theora: a1e56fd34408186e4bbccfd4996cb3dc -> 
  custom:container-muxer-webm: aa71ff27fc2769a1b78a27578f13a17b -> 
  custom:container-demuxer-webm: 4f35f7cbe854078d1ac9338744f61a02 -> 
  custom:container-demuxer-ogg: 62fdf1f143b41e24485cea50d1cbac27 -> 
  custom:video-encoder-webm-vp8: eb34c28f22e8b96e1ab97ce403110664 -> 
  custom:video-decoder-webm-vp8: 9c59270c3fd7afecdb556c50c9e8de78 -> 
  custom:audio-decoder-ogg-vorbis: bf7c407c2cedff20999df2af8eb42d56 -> 
  custom:audio-encoder-webm-vorbis: bf7c407c2cedff20999df2af8eb42d56 -> 
========================================================================
Received Import Request.
  path: Assets/girl.obj
  artifactKey: Guid(60f782b25750a224cb2620b28cf26bc9) Importer(815301076,1909f56bfc062723c751e8b465ee728b)
Start importing Assets/girl.obj using Guid(60f782b25750a224cb2620b28cf26bc9) Importer(815301076,1909f56bfc062723c751e8b465ee728b)  -> (artifact id: 'd33ee1bd98dd416eb6c2e13d3f138e99') in 0.397287 seconds 
  Import took 0.407101 seconds .

========================================================================
Received Import Request.
  Time since last request: 110.209035 seconds.
  path: Assets/girl.obj
  artifactKey: Guid(60f782b25750a224cb2620b28cf26bc9) Importer(815301076,1909f56bfc062723c751e8b465ee728b)
Start importing Assets/girl.obj using Guid(60f782b25750a224cb2620b28cf26bc9) Importer(815301076,1909f56bfc062723c751e8b465ee728b)  -> (artifact id: '76d1330a7a7929a75eb8c7ba198db494') in 0.237933 seconds 
  Import took 0.245039 seconds .

========================================================================
Received Import Request.
  Time since last request: 32.242028 seconds.
  path: Assets/girl.obj
  artifactKey: Guid(60f782b25750a224cb2620b28cf26bc9) Importer(815301076,1909f56bfc062723c751e8b465ee728b)
Start importing Assets/girl.obj using Guid(60f782b25750a224cb2620b28cf26bc9) Importer(815301076,1909f56bfc062723c751e8b465ee728b)  -> (artifact id: '998eaaec94c102c4c995c7924a3364c5') in 0.180050 seconds 
  Import took 0.185154 seconds .

========================================================================
Received Import Request.
  Time since last request: 45.599411 seconds.
  path: Assets/girl.obj
  artifactKey: Guid(60f782b25750a224cb2620b28cf26bc9) Importer(815301076,1909f56bfc062723c751e8b465ee728b)
Start importing Assets/girl.obj using Guid(60f782b25750a224cb2620b28cf26bc9) Importer(815301076,1909f56bfc062723c751e8b465ee728b)  -> (artifact id: '3c7eb1e12feeb64253bd94cc11379883') in 0.142805 seconds 
  Import took 0.148162 seconds .

========================================================================
Received Import Request.
  Time since last request: 39.678303 seconds.
  path: Assets/girl.obj
  artifactKey: Guid(60f782b25750a224cb2620b28cf26bc9) Importer(815301076,1909f56bfc062723c751e8b465ee728b)
Start importing Assets/girl.obj using Guid(60f782b25750a224cb2620b28cf26bc9) Importer(815301076,1909f56bfc062723c751e8b465ee728b)  -> (artifact id: 'f39a13079c06ead43112e09de110987d') in 0.154152 seconds 
  Import took 0.159779 seconds .

========================================================================
Received Import Request.
  Time since last request: 39.638021 seconds.
  path: Assets/girl@Running (1).fbx
  artifactKey: Guid(5d9c5ce7297609d47aeba95549b9a86c) Importer(815301076,1909f56bfc062723c751e8b465ee728b)
Start importing Assets/girl@Running (1).fbx using Guid(5d9c5ce7297609d47aeba95549b9a86c) Importer(815301076,1909f56bfc062723c751e8b465ee728b)  -> (artifact id: 'fc7059308726ef8402b73882d8db2303') in 0.380941 seconds 
  Import took 0.391164 seconds .

========================================================================
Received Import Request.
  Time since last request: 26.582423 seconds.
  path: Assets/girl@Running (1).fbx
  artifactKey: Guid(5d9c5ce7297609d47aeba95549b9a86c) Importer(815301076,1909f56bfc062723c751e8b465ee728b)
Start importing Assets/girl@Running (1).fbx using Guid(5d9c5ce7297609d47aeba95549b9a86c) Importer(815301076,1909f56bfc062723c751e8b465ee728b)  -> (artifact id: '39089c3085835d5468bb6c8f944fa4d0') in 0.181273 seconds 
  Import took 0.186413 seconds .

========================================================================
Received Import Request.
  Time since last request: 42.716224 seconds.
  path: Assets/girl@Running (1).fbx
  artifactKey: Guid(5d9c5ce7297609d47aeba95549b9a86c) Importer(815301076,1909f56bfc062723c751e8b465ee728b)
Start importing Assets/girl@Running (1).fbx using Guid(5d9c5ce7297609d47aeba95549b9a86c) Importer(815301076,1909f56bfc062723c751e8b465ee728b)  -> (artifact id: '48e7694f5112c266e2dd2d0436c2e509') in 0.147905 seconds 
  Import took 0.155628 seconds .

========================================================================
Received Import Request.
  Time since last request: 2330.613631 seconds.
  path: Assets/Ch22_nonPBR@Running (1).fbx
  artifactKey: Guid(dfabe99d820d18c45a1f4b577205a283) Importer(815301076,1909f56bfc062723c751e8b465ee728b)
Start importing Assets/Ch22_nonPBR@Running (1).fbx using Guid(dfabe99d820d18c45a1f4b577205a283) Importer(815301076,1909f56bfc062723c751e8b465ee728b)  -> (artifact id: '429e6f49ebdfb9bb9bf7e246fe73eae0') in 0.043644 seconds 
  Import took 0.061599 seconds .

========================================================================
Received Import Request.
  Time since last request: 8.071286 seconds.
  path: Assets/Ch22_nonPBR.fbx
  artifactKey: Guid(8f87f9f618afcd340b263b9242c8b00e) Importer(815301076,1909f56bfc062723c751e8b465ee728b)
Start importing Assets/Ch22_nonPBR.fbx using Guid(8f87f9f618afcd340b263b9242c8b00e) Importer(815301076,1909f56bfc062723c751e8b465ee728b)  -> (artifact id: '7f4d324b9bde7bfff271798f8a24886e') in 1.536647 seconds 
  Import took 1.543750 seconds .

========================================================================
Received Import Request.
  Time since last request: 120.653058 seconds.
  path: Assets/Ch22_nonPBR.fbx
  artifactKey: Guid(8f87f9f618afcd340b263b9242c8b00e) Importer(815301076,1909f56bfc062723c751e8b465ee728b)
Start importing Assets/Ch22_nonPBR.fbx using Guid(8f87f9f618afcd340b263b9242c8b00e) Importer(815301076,1909f56bfc062723c751e8b465ee728b)  -> (artifact id: '36934c3536d09bcb494e5cbcd4637f4a') in 0.225817 seconds 
  Import took 0.232059 seconds .

========================================================================
Received Import Request.
  Time since last request: 53.815626 seconds.
  path: Assets/Ch22_nonPBR.fbx
  artifactKey: Guid(8f87f9f618afcd340b263b9242c8b00e) Importer(815301076,1909f56bfc062723c751e8b465ee728b)
Start importing Assets/Ch22_nonPBR.fbx using Guid(8f87f9f618afcd340b263b9242c8b00e) Importer(815301076,1909f56bfc062723c751e8b465ee728b)  -> (artifact id: 'a100380f7228e722d6fa4063aa56fc79') in 0.966274 seconds 
  Import took 0.979308 seconds .

========================================================================
Received Import Request.
  Time since last request: 15.162705 seconds.
  path: Assets/Ch22_nonPBR.fbx
  artifactKey: Guid(8f87f9f618afcd340b263b9242c8b00e) Importer(815301076,1909f56bfc062723c751e8b465ee728b)
Start importing Assets/Ch22_nonPBR.fbx using Guid(8f87f9f618afcd340b263b9242c8b00e) Importer(815301076,1909f56bfc062723c751e8b465ee728b)  -> (artifact id: '8ac74ff436217059dd0332f299e2ff41') in 0.687008 seconds 
  Import took 0.765777 seconds .

========================================================================
Received Import Request.
  Time since last request: 50.785002 seconds.
  path: Assets/Ch22_nonPBR@Running (1).fbx
  artifactKey: Guid(dfabe99d820d18c45a1f4b577205a283) Importer(815301076,1909f56bfc062723c751e8b465ee728b)
Start importing Assets/Ch22_nonPBR@Running (1).fbx using Guid(dfabe99d820d18c45a1f4b577205a283) Importer(815301076,1909f56bfc062723c751e8b465ee728b)  -> (artifact id: 'b4d6065a162a15aed4eb5375096577ae') in 0.025325 seconds 
  Import took 0.031368 seconds .

========================================================================
Received Import Request.
  Time since last request: 36.391040 seconds.
  path: Assets/Ch22_nonPBR@Running (1).fbx
  artifactKey: Guid(dfabe99d820d18c45a1f4b577205a283) Importer(815301076,1909f56bfc062723c751e8b465ee728b)
Start importing Assets/Ch22_nonPBR@Running (1).fbx using Guid(dfabe99d820d18c45a1f4b577205a283) Importer(815301076,1909f56bfc062723c751e8b465ee728b)  -> (artifact id: 'edd5ac881e438a3b679aaab23017d48c') in 0.021882 seconds 
  Import took 0.029770 seconds .

========================================================================
Received Import Request.
  Time since last request: 42.701559 seconds.
  path: Assets/AnimationController
  artifactKey: Guid(344c9c47044db0e4f9d9c9c978ab32a5) Importer(815301076,1909f56bfc062723c751e8b465ee728b)
Start importing Assets/AnimationController using Guid(344c9c47044db0e4f9d9c9c978ab32a5) Importer(815301076,1909f56bfc062723c751e8b465ee728b)  -> (artifact id: 'b3f51d1c9c99454a98a8490f0aa43ae3') in 0.017328 seconds 
  Import took 0.025061 seconds .

========================================================================
Received Import Request.
  Time since last request: 24.721323 seconds.
  path: Assets/AnimationController/PlayerController.controller
  artifactKey: Guid(d015d19b2c8dd4f4d8f046992c44a606) Importer(815301076,1909f56bfc062723c751e8b465ee728b)
Start importing Assets/AnimationController/PlayerController.controller using Guid(d015d19b2c8dd4f4d8f046992c44a606) Importer(815301076,1909f56bfc062723c751e8b465ee728b)  -> (artifact id: 'ce18298293f645b1e60af7516ef7d281') in 0.043100 seconds 
  Import took 0.047518 seconds .

========================================================================
Received Prepare
Registering precompiled user dll's ...
Registered in 0.014972 seconds.
Begin MonoManager ReloadAssembly
Native extension for WindowsStandalone target not found
Refreshing native plugins compatible for Editor in 0.89 ms, found 2 plugins.
Preloading 0 native plugins for Editor in 0.00 ms.
Mono: successfully reloaded assembly
- Completed reload, in  2.434 seconds
Domain Reload Profiling:
	ReloadAssembly (2437ms)
		BeginReloadAssembly (398ms)
			ExecutionOrderSort (0ms)
			DisableScriptedObjects (26ms)
			BackupInstance (0ms)
			ReleaseScriptingObjects (0ms)
			CreateAndSetChildDomain (160ms)
		EndReloadAssembly (1871ms)
			LoadAssemblies (256ms)
			RebuildTransferFunctionScriptingTraits (0ms)
			SetupTypeCache (708ms)
			ReleaseScriptCaches (1ms)
			RebuildScriptCaches (82ms)
			SetupLoadedEditorAssemblies (639ms)
				LogAssemblyErrors (0ms)
				InitializePlatformSupportModulesInManaged (13ms)
				SetLoadedEditorAssemblies (2ms)
				RefreshPlugins (1ms)
				BeforeProcessingInitializeOnLoad (158ms)
				ProcessInitializeOnLoadAttributes (433ms)
				ProcessInitializeOnLoadMethodAttributes (16ms)
				AfterProcessingInitializeOnLoad (16ms)
				EditorAssembliesLoaded (0ms)
			ExecutionOrderSort2 (0ms)
			AwakeInstancesAfterBackupRestoration (13ms)
Platform modules already initialized, skipping
Refreshing native plugins compatible for Editor in 0.89 ms, found 2 plugins.
Preloading 0 native plugins for Editor in 0.00 ms.
Unloading 1482 Unused Serialized files (Serialized files now loaded: 0)
System memory in use before: 84.3 MB.
System memory in use after: 84.4 MB.

Unloading 15 unused Assets to reduce memory usage. Loaded Objects now: 1966.
Total: 5.608800 ms (FindLiveObjects: 0.221500 ms CreateObjectMapping: 0.127500 ms MarkObjects: 5.212300 ms  DeleteObjects: 0.045900 ms)

AssetImportParameters requested are different than current active one (requested -> active):
  custom:framework-win-MediaFoundation: 216162199b28c13a410421893ffa2e32 -> 
  custom:video-decoder-ogg-theora: a1e56fd34408186e4bbccfd4996cb3dc -> 
  custom:container-muxer-webm: aa71ff27fc2769a1b78a27578f13a17b -> 
  custom:container-demuxer-webm: 4f35f7cbe854078d1ac9338744f61a02 -> 
  custom:container-demuxer-ogg: 62fdf1f143b41e24485cea50d1cbac27 -> 
  custom:video-encoder-webm-vp8: eb34c28f22e8b96e1ab97ce403110664 -> 
  custom:video-decoder-webm-vp8: 9c59270c3fd7afecdb556c50c9e8de78 -> 
  custom:audio-decoder-ogg-vorbis: bf7c407c2cedff20999df2af8eb42d56 -> 
  custom:audio-encoder-webm-vorbis: bf7c407c2cedff20999df2af8eb42d56 -> 
AssetImportWorkerClient::OnTransportError - code=2 error=End of file
